<?xml version="1.0" encoding="UTF-8"?>
<!-- Generated by org.testng.reporters.JUnitXMLReporter -->
<testsuite ignored="0" hostname="LAPTOP-VNUSMERF" failures="0" tests="2" name="ChromeTest" time="31.575" errors="0" timestamp="2025-03-22T00:48:29 IST">
  <testcase classname="testCases.ListProductPageTestCases" name="verifyTheOptionsPresentInProductTypeDropDownBox" time="10.357"/>
  <testcase classname="testCases.ListProductPageTestCases" name="verifyTheProductTypeDropDownBoxIsNotMultiple" time="6.776"/>
</testsuite> <!-- ChromeTest -->
