<?xml version="1.0" encoding="UTF-8"?>
<!-- Generated by org.testng.reporters.JUnitXMLReporter -->
<testsuite ignored="4" hostname="LAPTOP-VNUSMERF" failures="0" tests="3" name="GroupingTest" time="18.792" errors="0" timestamp="2025-03-22T01:00:13 IST">
  <testcase classname="testCases.HomePageTestCases" name="verifySignOut" time="5.581"/>
  <testcase classname="testCases.LogInPageTestCases" name="verifyTheExactPageIsOpenedWhileHittingTheURL" time="0.145"/>
  <testcase classname="testCases.LogInPageTestCases" name="verifySuccessfulLogIn" time="3.568"/>
  <testcase classname="testCases.LogInPageTestCases" name="verifyRememberMeCheckBoxIsNotCheckedByDefault" time="0.0">
    <ignored/>
  </testcase> <!-- verifyRememberMeCheckBoxIsNotCheckedByDefault -->
  <testcase classname="testCases.LogInPageTestCases" name="verifyUnSuccessfulLogIn" time="0.0">
    <ignored/>
  </testcase> <!-- verifyUnSuccessfulLogIn -->
  <testcase classname="testCases.HomePageTestCases" name="verifyTheCurrentDateDisplayedOnHomePage" time="0.0">
    <ignored/>
  </testcase> <!-- verifyTheCurrentDateDisplayedOnHomePage -->
  <testcase classname="testCases.HomePageTestCases" name="verifyTheToolTipOnViewTodaysProfitIcon" time="0.0">
    <ignored/>
  </testcase> <!-- verifyTheToolTipOnViewTodaysProfitIcon -->
</testsuite> <!-- GroupingTest -->
