<?xml version="1.0" encoding="UTF-8"?>
<!-- Generated by org.testng.reporters.JUnitXMLReporter -->
<testsuite ignored="0" hostname="LAPTOP-VNUSMERF" failures="0" tests="2" name="Test" time="21.222" errors="0" timestamp="2025-03-22T00:30:55 IST">
  <testcase classname="testCases.ListProductPageTestCases" name="verifyTheOptionsPresentInProductTypeDropDownBox" time="8.188"/>
  <testcase classname="testCases.ListProductPageTestCases" name="verifyTheProductTypeDropDownBoxIsNotMultiple" time="5.854"/>
</testsuite> <!-- Test -->
