<?xml version="1.0" encoding="UTF-8"?>
<!-- Generated by org.testng.reporters.JUnitXMLReporter -->
<testsuite ignored="1" hostname="LAPTOP-VNUSMERF" failures="0" tests="5" name="Test" time="39.764" errors="0" timestamp="2025-03-22T13:17:41 IST">
  <testcase classname="testCases.HomePageTestCases" name="verifySignOut" time="5.248"/>
  <testcase classname="testCases.HomePageTestCases" name="verifyTheCurrentDateDisplayedOnHomePage" time="3.371"/>
  <testcase classname="testCases.HomePageTestCases" name="verifyTheToolTipOnViewTodaysProfitIcon" time="2.996"/>
  <testcase classname="testCases.ListProductPageTestCases" name="verifyTheOptionsPresentInProductTypeDropDownBox" time="5.293"/>
  <testcase classname="testCases.ListProductPageTestCases" name="verifyTheProductTypeDropDownBoxIsNotMultiple" time="5.522"/>
  <testcase classname="base.BaseClass" name="@BeforeSuite createReport" time="0.0">
    <ignored/>
  </testcase> <!-- @BeforeSuite createReport -->
</testsuite> <!-- Test -->
