<?xml version="1.0" encoding="UTF-8"?>
<testng-results ignored="0" total="5" passed="5" failed="0" skipped="0">
  <reporter-output>
  </reporter-output>
  <suite started-at="2025-03-22T13:17:01 IST" name="Suite" finished-at="2025-03-22T13:17:41 IST" duration-ms="39764">
    <groups>
      <group name="Group1">
        <method signature="HomePageTestCases.verifySignOut()[pri:0, instance:testCases.HomePageTestCases@5884a914]" name="verifySignOut" class="testCases.HomePageTestCases"/>
      </group> <!-- Group1 -->
    </groups>
    <test started-at="2025-03-22T13:17:01 IST" name="Test" finished-at="2025-03-22T13:17:41 IST" duration-ms="39764">
      <class name="testCases.ListProductPageTestCases">
        <test-method is-config="true" signature="beforeMethod(java.lang.String)[pri:0, instance:testCases.ListProductPageTestCases@7a6d7e92]" started-at="2025-03-22T13:17:25 IST" name="beforeMethod" finished-at="2025-03-22T13:17:27 IST" duration-ms="2142" status="PASS">
          <params>
            <param index="0">
              <value>
                <![CDATA[chrome]]>
              </value>
            </param>
          </params>
          <reporter-output>
          </reporter-output>
        </test-method> <!-- beforeMethod -->
        <test-method signature="verifyTheOptionsPresentInProductTypeDropDownBox()[pri:0, instance:testCases.ListProductPageTestCases@7a6d7e92]" started-at="2025-03-22T13:17:27 IST" name="verifyTheOptionsPresentInProductTypeDropDownBox" finished-at="2025-03-22T13:17:33 IST" duration-ms="5293" status="PASS">
          <reporter-output>
          </reporter-output>
        </test-method> <!-- verifyTheOptionsPresentInProductTypeDropDownBox -->
        <test-method is-config="true" signature="afterMethod()[pri:0, instance:testCases.ListProductPageTestCases@7a6d7e92]" started-at="2025-03-22T13:17:33 IST" name="afterMethod" finished-at="2025-03-22T13:17:33 IST" duration-ms="212" status="PASS">
          <reporter-output>
          </reporter-output>
        </test-method> <!-- afterMethod -->
        <test-method is-config="true" signature="beforeMethod(java.lang.String)[pri:0, instance:testCases.ListProductPageTestCases@7a6d7e92]" started-at="2025-03-22T13:17:33 IST" name="beforeMethod" finished-at="2025-03-22T13:17:35 IST" duration-ms="2399" status="PASS">
          <params>
            <param index="0">
              <value>
                <![CDATA[chrome]]>
              </value>
            </param>
          </params>
          <reporter-output>
          </reporter-output>
        </test-method> <!-- beforeMethod -->
        <test-method signature="verifyTheProductTypeDropDownBoxIsNotMultiple()[pri:0, instance:testCases.ListProductPageTestCases@7a6d7e92]" started-at="2025-03-22T13:17:35 IST" name="verifyTheProductTypeDropDownBoxIsNotMultiple" finished-at="2025-03-22T13:17:41 IST" duration-ms="5522" status="PASS">
          <reporter-output>
          </reporter-output>
        </test-method> <!-- verifyTheProductTypeDropDownBoxIsNotMultiple -->
        <test-method is-config="true" signature="afterMethod()[pri:0, instance:testCases.ListProductPageTestCases@7a6d7e92]" started-at="2025-03-22T13:17:41 IST" name="afterMethod" finished-at="2025-03-22T13:17:41 IST" duration-ms="181" status="PASS">
          <reporter-output>
          </reporter-output>
        </test-method> <!-- afterMethod -->
      </class> <!-- testCases.ListProductPageTestCases -->
      <class name="testCases.HomePageTestCases">
        <test-method is-config="true" signature="createReport()[pri:0, instance:testCases.HomePageTestCases@5884a914]" started-at="2025-03-22T13:17:01 IST" name="createReport" finished-at="2025-03-22T13:17:01 IST" duration-ms="9" status="PASS">
          <reporter-output>
          </reporter-output>
        </test-method> <!-- createReport -->
        <test-method is-config="true" signature="beforeMethod(java.lang.String)[pri:0, instance:testCases.HomePageTestCases@5884a914]" started-at="2025-03-22T13:17:01 IST" name="beforeMethod" finished-at="2025-03-22T13:17:05 IST" duration-ms="4240" status="PASS">
          <params>
            <param index="0">
              <value>
                <![CDATA[chrome]]>
              </value>
            </param>
          </params>
          <reporter-output>
          </reporter-output>
        </test-method> <!-- beforeMethod -->
        <test-method signature="verifySignOut()[pri:0, instance:testCases.HomePageTestCases@5884a914]" started-at="2025-03-22T13:17:05 IST" name="verifySignOut" finished-at="2025-03-22T13:17:11 IST" duration-ms="5248" status="PASS">
          <reporter-output>
          </reporter-output>
        </test-method> <!-- verifySignOut -->
        <test-method is-config="true" signature="afterMethod()[pri:0, instance:testCases.HomePageTestCases@5884a914]" started-at="2025-03-22T13:17:11 IST" name="afterMethod" finished-at="2025-03-22T13:17:11 IST" duration-ms="269" status="PASS">
          <reporter-output>
          </reporter-output>
        </test-method> <!-- afterMethod -->
        <test-method is-config="true" signature="beforeMethod(java.lang.String)[pri:0, instance:testCases.HomePageTestCases@5884a914]" started-at="2025-03-22T13:17:11 IST" name="beforeMethod" finished-at="2025-03-22T13:17:16 IST" duration-ms="5410" status="PASS">
          <params>
            <param index="0">
              <value>
                <![CDATA[chrome]]>
              </value>
            </param>
          </params>
          <reporter-output>
          </reporter-output>
        </test-method> <!-- beforeMethod -->
        <test-method signature="verifyTheCurrentDateDisplayedOnHomePage()[pri:0, instance:testCases.HomePageTestCases@5884a914]" started-at="2025-03-22T13:17:16 IST" name="verifyTheCurrentDateDisplayedOnHomePage" finished-at="2025-03-22T13:17:20 IST" duration-ms="3371" status="PASS">
          <reporter-output>
          </reporter-output>
        </test-method> <!-- verifyTheCurrentDateDisplayedOnHomePage -->
        <test-method is-config="true" signature="afterMethod()[pri:0, instance:testCases.HomePageTestCases@5884a914]" started-at="2025-03-22T13:17:20 IST" name="afterMethod" finished-at="2025-03-22T13:17:20 IST" duration-ms="181" status="PASS">
          <reporter-output>
          </reporter-output>
        </test-method> <!-- afterMethod -->
        <test-method is-config="true" signature="beforeMethod(java.lang.String)[pri:0, instance:testCases.HomePageTestCases@5884a914]" started-at="2025-03-22T13:17:20 IST" name="beforeMethod" finished-at="2025-03-22T13:17:22 IST" duration-ms="2095" status="PASS">
          <params>
            <param index="0">
              <value>
                <![CDATA[chrome]]>
              </value>
            </param>
          </params>
          <reporter-output>
          </reporter-output>
        </test-method> <!-- beforeMethod -->
        <test-method signature="verifyTheToolTipOnViewTodaysProfitIcon()[pri:0, instance:testCases.HomePageTestCases@5884a914]" started-at="2025-03-22T13:17:22 IST" name="verifyTheToolTipOnViewTodaysProfitIcon" finished-at="2025-03-22T13:17:25 IST" duration-ms="2996" status="PASS">
          <reporter-output>
          </reporter-output>
        </test-method> <!-- verifyTheToolTipOnViewTodaysProfitIcon -->
        <test-method is-config="true" signature="afterMethod()[pri:0, instance:testCases.HomePageTestCases@5884a914]" started-at="2025-03-22T13:17:25 IST" name="afterMethod" finished-at="2025-03-22T13:17:25 IST" duration-ms="161" status="PASS">
          <reporter-output>
          </reporter-output>
        </test-method> <!-- afterMethod -->
      </class> <!-- testCases.HomePageTestCases -->
    </test> <!-- Test -->
  </suite> <!-- Suite -->
</testng-results>
